[0.006s] Invoking command in '/workspace/ws_pointlio/build/point_lio': CMAKE_PREFIX_PATH=${CMAKE_PREFIX_PATH}:/opt/ros/humble /usr/bin/cmake /workspace/ws_pointlio/src/point_lio_ros2 -DCMAKE_INSTALL_PREFIX=/workspace/ws_pointlio/install/point_lio
[0.015s] -- Current CPU architecture: x86_64
[0.019s] -- Processor number:  32
[0.019s] -- core for MP:  3
[0.020s] -- Found ament_cmake: 1.3.11 (/opt/ros/humble/share/ament_cmake/cmake)
[0.089s] -- Override CMake install command with custom implementation using symlinks instead of copying resources
[0.096s] -- Found rclcpp: 16.0.11 (/opt/ros/humble/share/rclcpp/cmake)
[0.109s] -- Found rosidl_generator_c: 3.1.6 (/opt/ros/humble/share/rosidl_generator_c/cmake)
[0.110s] -- Found rosidl_adapter: 3.1.6 (/opt/ros/humble/share/rosidl_adapter/cmake)
[0.113s] -- Found rosidl_generator_cpp: 3.1.6 (/opt/ros/humble/share/rosidl_generator_cpp/cmake)
[0.117s] -- Using all available rosidl_typesupport_c: rosidl_typesupport_fastrtps_c;rosidl_typesupport_introspection_c
[0.122s] -- Using all available rosidl_typesupport_cpp: rosidl_typesupport_fastrtps_cpp;rosidl_typesupport_introspection_cpp
[0.137s] -- Found rmw_implementation_cmake: 6.1.2 (/opt/ros/humble/share/rmw_implementation_cmake/cmake)
[0.138s] -- Found rmw_cyclonedds_cpp: 1.3.4 (/opt/ros/humble/share/rmw_cyclonedds_cpp/cmake)
[0.146s] -- Using RMW implementation 'rmw_cyclonedds_cpp' as default
[0.169s] -- Found rclpy: 3.3.15 (/opt/ros/humble/share/rclpy/cmake)
[0.169s] -- Found geometry_msgs: 4.2.4 (/opt/ros/humble/share/geometry_msgs/cmake)
[0.175s] -- Found nav_msgs: 4.2.4 (/opt/ros/humble/share/nav_msgs/cmake)
[0.184s] -- Found sensor_msgs: 4.2.4 (/opt/ros/humble/share/sensor_msgs/cmake)
[0.192s] -- Found pcl_ros: 2.4.5 (/opt/ros/humble/share/pcl_ros/cmake)
[0.212s] -- Eigen found (include: /usr/include/eigen3, version: 3.4.0)
[0.232s] -- FLANN found (include: /usr/include, lib: /usr/lib/x86_64-linux-gnu/libflann_cpp.so)
[0.385s] -- OpenNI found (version: 1.5.4.0, include: /usr/include/ni, lib: /usr/lib/libOpenNI.so;libusb::libusb)
[0.389s] -- OpenNI2 found (version: 2.2.0.33, include: /usr/include/openni2, lib: /usr/lib/x86_64-linux-gnu/libOpenNI2.so;libusb::libusb)
[0.468s] -- Eigen found (include: /usr/include/eigen3, version: 3.4.0)
[0.472s] -- OpenNI found (version: 1.5.4.0, include: /usr/include/ni, lib: /usr/lib/libOpenNI.so;libusb::libusb)
[0.476s] -- OpenNI2 found (version: 2.2.0.33, include: /usr/include/openni2, lib: /usr/lib/x86_64-linux-gnu/libOpenNI2.so;libusb::libusb)
[0.549s] -- Found Qhull version 8.0.2
[0.626s] -- OpenNI found (version: 1.5.4.0, include: /usr/include/ni, lib: /usr/lib/libOpenNI.so;libusb::libusb)
[0.713s] -- Found eigen3_cmake_module: 0.1.1 (/opt/ros/humble/share/eigen3_cmake_module/cmake)
[0.714s] -- Ensuring Eigen3 include directory is part of orocos-kdl CMake target
[0.750s] -- Found visualization_msgs: 4.9.1 (/opt/ros/humble/share/visualization_msgs/cmake)
[0.808s] -- Configuring done
[0.835s] -- Generating done
[0.842s] -- Build files have been written to: /workspace/ws_pointlio/build/point_lio
[0.850s] Invoked command in '/workspace/ws_pointlio/build/point_lio' returned '0': CMAKE_PREFIX_PATH=${CMAKE_PREFIX_PATH}:/opt/ros/humble /usr/bin/cmake /workspace/ws_pointlio/src/point_lio_ros2 -DCMAKE_INSTALL_PREFIX=/workspace/ws_pointlio/install/point_lio
[0.851s] Invoking command in '/workspace/ws_pointlio/build/point_lio': CMAKE_PREFIX_PATH=${CMAKE_PREFIX_PATH}:/opt/ros/humble /usr/bin/cmake --build /workspace/ws_pointlio/build/point_lio -- -j32 -l32
[0.889s] [35m[1mConsolidate compiler generated dependencies of target pointlio_mapping[0m
[0.910s] [100%] Built target pointlio_mapping
[0.915s] Invoked command in '/workspace/ws_pointlio/build/point_lio' returned '0': CMAKE_PREFIX_PATH=${CMAKE_PREFIX_PATH}:/opt/ros/humble /usr/bin/cmake --build /workspace/ws_pointlio/build/point_lio -- -j32 -l32
[0.920s] Invoking command in '/workspace/ws_pointlio/build/point_lio': CMAKE_PREFIX_PATH=${CMAKE_PREFIX_PATH}:/opt/ros/humble /usr/bin/cmake --install /workspace/ws_pointlio/build/point_lio
[0.924s] -- Install configuration: ""
[0.924s] -- Execute custom install script
[0.925s] -- Up-to-date symlink: /workspace/ws_pointlio/install/point_lio/lib/point_lio/pointlio_mapping
[0.925s] -- Up-to-date symlink: /workspace/ws_pointlio/install/point_lio/share/point_lio/config/avia.yaml
[0.925s] -- Up-to-date symlink: /workspace/ws_pointlio/install/point_lio/share/point_lio/config/horizon.yaml
[0.925s] -- Up-to-date symlink: /workspace/ws_pointlio/install/point_lio/share/point_lio/config/mid360.yaml
[0.925s] -- Up-to-date symlink: /workspace/ws_pointlio/install/point_lio/share/point_lio/config/ouster64.yaml
[0.925s] -- Up-to-date symlink: /workspace/ws_pointlio/install/point_lio/share/point_lio/config/unilidar_l1.yaml
[0.925s] -- Up-to-date symlink: /workspace/ws_pointlio/install/point_lio/share/point_lio/config/unilidar_l2.yaml
[0.925s] -- Up-to-date symlink: /workspace/ws_pointlio/install/point_lio/share/point_lio/config/velody16.yaml
[0.926s] -- Up-to-date symlink: /workspace/ws_pointlio/install/point_lio/share/point_lio/launch/correct_odom_unilidar_l1.launch.py
[0.926s] -- Up-to-date symlink: /workspace/ws_pointlio/install/point_lio/share/point_lio/launch/correct_odom_unilidar_l2.launch.py
[0.926s] -- Up-to-date symlink: /workspace/ws_pointlio/install/point_lio/share/point_lio/launch/gdb_debug_example.launch.py
[0.926s] -- Up-to-date symlink: /workspace/ws_pointlio/install/point_lio/share/point_lio/launch/mapping_avia.launch.py
[0.926s] -- Up-to-date symlink: /workspace/ws_pointlio/install/point_lio/share/point_lio/launch/mapping_horizon.launch.py
[0.926s] -- Up-to-date symlink: /workspace/ws_pointlio/install/point_lio/share/point_lio/launch/mapping_mid360.launch.py
[0.926s] -- Up-to-date symlink: /workspace/ws_pointlio/install/point_lio/share/point_lio/launch/mapping_ouster64.launch.py
[0.926s] -- Up-to-date symlink: /workspace/ws_pointlio/install/point_lio/share/point_lio/launch/mapping_unilidar_l1.launch.py
[0.926s] -- Up-to-date symlink: /workspace/ws_pointlio/install/point_lio/share/point_lio/launch/mapping_unilidar_l2.launch.py
[0.926s] -- Up-to-date symlink: /workspace/ws_pointlio/install/point_lio/share/point_lio/launch/mapping_velody16.launch.py
[0.926s] -- Up-to-date symlink: /workspace/ws_pointlio/install/point_lio/share/point_lio/rviz_cfg/loam_livox.rviz
[0.926s] -- Up-to-date symlink: /workspace/ws_pointlio/install/point_lio/share/ament_index/resource_index/package_run_dependencies/point_lio
[0.926s] -- Up-to-date symlink: /workspace/ws_pointlio/install/point_lio/share/ament_index/resource_index/parent_prefix_path/point_lio
[0.926s] -- Up-to-date symlink: /workspace/ws_pointlio/install/point_lio/share/point_lio/environment/ament_prefix_path.sh
[0.926s] -- Up-to-date symlink: /workspace/ws_pointlio/install/point_lio/share/point_lio/environment/ament_prefix_path.dsv
[0.926s] -- Up-to-date symlink: /workspace/ws_pointlio/install/point_lio/share/point_lio/environment/path.sh
[0.926s] -- Up-to-date symlink: /workspace/ws_pointlio/install/point_lio/share/point_lio/environment/path.dsv
[0.926s] -- Up-to-date symlink: /workspace/ws_pointlio/install/point_lio/share/point_lio/local_setup.bash
[0.926s] -- Up-to-date symlink: /workspace/ws_pointlio/install/point_lio/share/point_lio/local_setup.sh
[0.927s] -- Up-to-date symlink: /workspace/ws_pointlio/install/point_lio/share/point_lio/local_setup.zsh
[0.927s] -- Up-to-date symlink: /workspace/ws_pointlio/install/point_lio/share/point_lio/local_setup.dsv
[0.927s] -- Symlinking: /workspace/ws_pointlio/install/point_lio/share/point_lio/package.dsv
[0.931s] -- Up-to-date symlink: /workspace/ws_pointlio/install/point_lio/share/ament_index/resource_index/packages/point_lio
[0.931s] -- Up-to-date symlink: /workspace/ws_pointlio/install/point_lio/share/point_lio/cmake/ament_cmake_export_dependencies-extras.cmake
[0.931s] -- Up-to-date symlink: /workspace/ws_pointlio/install/point_lio/share/point_lio/cmake/point_lioConfig.cmake
[0.931s] -- Up-to-date symlink: /workspace/ws_pointlio/install/point_lio/share/point_lio/cmake/point_lioConfig-version.cmake
[0.931s] -- Up-to-date symlink: /workspace/ws_pointlio/install/point_lio/share/point_lio/package.xml
[0.932s] Invoked command in '/workspace/ws_pointlio/build/point_lio' returned '0': CMAKE_PREFIX_PATH=${CMAKE_PREFIX_PATH}:/opt/ros/humble /usr/bin/cmake --install /workspace/ws_pointlio/build/point_lio
