[0.006s] Invoking command in '/workspace/ws_pointlio/build/point_lio': CMAKE_PREFIX_PATH=${CMAKE_PREFIX_PATH}:/opt/ros/humble /usr/bin/cmake /workspace/ws_pointlio/src/point_lio_ros2 -DAMENT_CMAKE_SYMLINK_INSTALL=1 -DCMAKE_INSTALL_PREFIX=/workspace/ws_pointlio/install/point_lio
[0.065s] -- The C compiler identification is GNU 11.4.0
[0.099s] -- The CXX compiler identification is GNU 11.4.0
[0.102s] -- Detecting C compiler ABI info
[0.142s] -- Detecting C compiler ABI info - done
[0.145s] -- Check for working C compiler: /usr/bin/cc - skipped
[0.145s] -- Detecting C compile features
[0.145s] -- Detecting C compile features - done
[0.147s] -- Detecting CXX compiler ABI info
[0.189s] -- Detecting CXX compiler ABI info - done
[0.193s] -- Check for working CXX compiler: /usr/bin/c++ - skipped
[0.193s] -- Detecting CXX compile features
[0.193s] -- Detecting CXX compile features - done
[0.193s] -- Current CPU architecture: x86_64
[0.198s] -- Processor number:  32
[0.198s] -- core for MP:  3
[0.200s] -- Found ament_cmake: 1.3.11 (/opt/ros/humble/share/ament_cmake/cmake)
[0.279s] -- Found Python3: /usr/bin/python3 (found version "3.10.12") found components: Interpreter 
[0.311s] -- Override CMake install command with custom implementation using symlinks instead of copying resources
[0.329s] -- Found rclcpp: 16.0.11 (/opt/ros/humble/share/rclcpp/cmake)
[0.352s] -- Found rosidl_generator_c: 3.1.6 (/opt/ros/humble/share/rosidl_generator_c/cmake)
[0.355s] -- Found rosidl_adapter: 3.1.6 (/opt/ros/humble/share/rosidl_adapter/cmake)
[0.359s] -- Found rosidl_generator_cpp: 3.1.6 (/opt/ros/humble/share/rosidl_generator_cpp/cmake)
[0.364s] -- Using all available rosidl_typesupport_c: rosidl_typesupport_fastrtps_c;rosidl_typesupport_introspection_c
[0.372s] -- Using all available rosidl_typesupport_cpp: rosidl_typesupport_fastrtps_cpp;rosidl_typesupport_introspection_cpp
[0.392s] -- Found rmw_implementation_cmake: 6.1.2 (/opt/ros/humble/share/rmw_implementation_cmake/cmake)
[0.393s] -- Found rmw_cyclonedds_cpp: 1.3.4 (/opt/ros/humble/share/rmw_cyclonedds_cpp/cmake)
[0.403s] -- Using RMW implementation 'rmw_cyclonedds_cpp' as default
[0.407s] -- Looking for pthread.h
[0.450s] -- Looking for pthread.h - found
[0.450s] -- Performing Test CMAKE_HAVE_LIBC_PTHREAD
[0.493s] -- Performing Test CMAKE_HAVE_LIBC_PTHREAD - Success
[0.493s] -- Found Threads: TRUE  
[0.519s] -- Found rclpy: 3.3.15 (/opt/ros/humble/share/rclpy/cmake)
[0.520s] -- Found geometry_msgs: 4.2.4 (/opt/ros/humble/share/geometry_msgs/cmake)
[0.527s] -- Found nav_msgs: 4.2.4 (/opt/ros/humble/share/nav_msgs/cmake)
[0.537s] -- Found sensor_msgs: 4.2.4 (/opt/ros/humble/share/sensor_msgs/cmake)
[0.546s] -- Found pcl_ros: 2.4.5 (/opt/ros/humble/share/pcl_ros/cmake)
[0.569s] -- Checking for module 'eigen3'
[0.576s] --   Found eigen3, version 3.4.0
[0.596s] -- Found Eigen: /usr/include/eigen3 (Required is at least version "3.1") 
[0.596s] -- Eigen found (include: /usr/include/eigen3, version: 3.4.0)
[0.615s] -- Checking for module 'flann'
[0.622s] --   Found flann, version 1.9.1
[0.649s] -- Found FLANN: /usr/lib/x86_64-linux-gnu/libflann_cpp.so  
[0.649s] -- FLANN found (include: /usr/include, lib: /usr/lib/x86_64-linux-gnu/libflann_cpp.so)
[1.156s] -- Checking for module 'libusb-1.0'
[1.165s] --   Found libusb-1.0, version 1.0.25
[1.186s] -- Found libusb: /usr/lib/x86_64-linux-gnu/libusb-1.0.so  
[1.186s] -- OpenNI found (version: 1.5.4.0, include: /usr/include/ni, lib: /usr/lib/libOpenNI.so;libusb::libusb)
[1.219s] -- OpenNI2 found (version: 2.2.0.33, include: /usr/include/openni2, lib: /usr/lib/x86_64-linux-gnu/libOpenNI2.so;libusb::libusb)
[1.299s] -- Eigen found (include: /usr/include/eigen3, version: 3.4.0)
[1.302s] -- OpenNI found (version: 1.5.4.0, include: /usr/include/ni, lib: /usr/lib/libOpenNI.so;libusb::libusb)
[1.306s] -- OpenNI2 found (version: 2.2.0.33, include: /usr/include/openni2, lib: /usr/lib/x86_64-linux-gnu/libOpenNI2.so;libusb::libusb)
[1.381s] -- Found Qhull version 8.0.2
[1.467s] -- OpenNI found (version: 1.5.4.0, include: /usr/include/ni, lib: /usr/lib/libOpenNI.so;libusb::libusb)
[1.548s] -- Found PCL_COMMON: /usr/lib/x86_64-linux-gnu/libpcl_common.so  
[1.549s] -- Found PCL_KDTREE: /usr/lib/x86_64-linux-gnu/libpcl_kdtree.so  
[1.549s] -- Found PCL_OCTREE: /usr/lib/x86_64-linux-gnu/libpcl_octree.so  
[1.549s] -- Found PCL_SEARCH: /usr/lib/x86_64-linux-gnu/libpcl_search.so  
[1.549s] -- Found PCL_SAMPLE_CONSENSUS: /usr/lib/x86_64-linux-gnu/libpcl_sample_consensus.so  
[1.550s] -- Found PCL_FILTERS: /usr/lib/x86_64-linux-gnu/libpcl_filters.so  
[1.550s] -- Found PCL_2D: /usr/include/pcl-1.12  
[1.550s] -- Found PCL_GEOMETRY: /usr/include/pcl-1.12  
[1.550s] -- Found PCL_IO: /usr/lib/x86_64-linux-gnu/libpcl_io.so  
[1.551s] -- Found PCL_FEATURES: /usr/lib/x86_64-linux-gnu/libpcl_features.so  
[1.551s] -- Found PCL_ML: /usr/lib/x86_64-linux-gnu/libpcl_ml.so  
[1.551s] -- Found PCL_SEGMENTATION: /usr/lib/x86_64-linux-gnu/libpcl_segmentation.so  
[1.552s] -- Found PCL_VISUALIZATION: /usr/lib/x86_64-linux-gnu/libpcl_visualization.so  
[1.552s] -- Found PCL_SURFACE: /usr/lib/x86_64-linux-gnu/libpcl_surface.so  
[1.553s] -- Found PCL_REGISTRATION: /usr/lib/x86_64-linux-gnu/libpcl_registration.so  
[1.553s] -- Found PCL_KEYPOINTS: /usr/lib/x86_64-linux-gnu/libpcl_keypoints.so  
[1.553s] -- Found PCL_TRACKING: /usr/lib/x86_64-linux-gnu/libpcl_tracking.so  
[1.554s] -- Found PCL_RECOGNITION: /usr/lib/x86_64-linux-gnu/libpcl_recognition.so  
[1.554s] -- Found PCL_STEREO: /usr/lib/x86_64-linux-gnu/libpcl_stereo.so  
[1.555s] -- Found PCL_APPS: /usr/lib/x86_64-linux-gnu/libpcl_apps.so  
[1.555s] -- Found PCL_IN_HAND_SCANNER: /usr/include/pcl-1.12  
[1.555s] -- Found PCL_MODELER: /usr/include/pcl-1.12  
[1.555s] -- Found PCL_POINT_CLOUD_EDITOR: /usr/include/pcl-1.12  
[1.556s] -- Found PCL_OUTOFCORE: /usr/lib/x86_64-linux-gnu/libpcl_outofcore.so  
[1.556s] -- Found PCL_PEOPLE: /usr/lib/x86_64-linux-gnu/libpcl_people.so  
[1.577s] -- Found eigen3_cmake_module: 0.1.1 (/opt/ros/humble/share/eigen3_cmake_module/cmake)
[1.578s] -- Found Eigen3: TRUE (found version "3.4.0") 
[1.578s] -- Ensuring Eigen3 include directory is part of orocos-kdl CMake target
[1.621s] -- Found visualization_msgs: 4.9.1 (/opt/ros/humble/share/visualization_msgs/cmake)
[1.835s] -- Found PythonLibs: /usr/lib/x86_64-linux-gnu/libpython3.10.so (found version "3.10.12") 
[1.874s] -- Configuring done
[1.894s] -- Generating done
[1.899s] -- Build files have been written to: /workspace/ws_pointlio/build/point_lio
[1.907s] Invoked command in '/workspace/ws_pointlio/build/point_lio' returned '0': CMAKE_PREFIX_PATH=${CMAKE_PREFIX_PATH}:/opt/ros/humble /usr/bin/cmake /workspace/ws_pointlio/src/point_lio_ros2 -DAMENT_CMAKE_SYMLINK_INSTALL=1 -DCMAKE_INSTALL_PREFIX=/workspace/ws_pointlio/install/point_lio
[1.908s] Invoking command in '/workspace/ws_pointlio/build/point_lio': CMAKE_PREFIX_PATH=${CMAKE_PREFIX_PATH}:/opt/ros/humble /usr/bin/cmake --build /workspace/ws_pointlio/build/point_lio -- -j32 -l32
[1.946s] [ 16%] [32mBuilding CXX object CMakeFiles/pointlio_mapping.dir/src/laserMapping.cpp.o[0m
[1.946s] [ 50%] [32mBuilding CXX object CMakeFiles/pointlio_mapping.dir/include/ikd-Tree/ikd_Tree.cpp.o[0m
[1.946s] [ 50%] [32mBuilding CXX object CMakeFiles/pointlio_mapping.dir/src/parameters.cpp.o[0m
[1.946s] [ 66%] [32mBuilding CXX object CMakeFiles/pointlio_mapping.dir/src/preprocess.cpp.o[0m
[1.946s] [ 83%] [32mBuilding CXX object CMakeFiles/pointlio_mapping.dir/src/Estimator.cpp.o[0m
[23.041s] [100%] [32m[1mLinking CXX executable pointlio_mapping[0m
[23.456s] [100%] Built target pointlio_mapping
[23.463s] Invoked command in '/workspace/ws_pointlio/build/point_lio' returned '0': CMAKE_PREFIX_PATH=${CMAKE_PREFIX_PATH}:/opt/ros/humble /usr/bin/cmake --build /workspace/ws_pointlio/build/point_lio -- -j32 -l32
[23.469s] Invoking command in '/workspace/ws_pointlio/build/point_lio': CMAKE_PREFIX_PATH=${CMAKE_PREFIX_PATH}:/opt/ros/humble /usr/bin/cmake --install /workspace/ws_pointlio/build/point_lio
[23.474s] -- Install configuration: ""
[23.475s] -- Execute custom install script
[23.475s] -- Symlinking: /workspace/ws_pointlio/install/point_lio/lib/point_lio/pointlio_mapping
[23.480s] -- Symlinking: /workspace/ws_pointlio/install/point_lio/share/point_lio/config/avia.yaml
[23.485s] -- Symlinking: /workspace/ws_pointlio/install/point_lio/share/point_lio/config/horizon.yaml
[23.490s] -- Symlinking: /workspace/ws_pointlio/install/point_lio/share/point_lio/config/mid360.yaml
[23.494s] -- Symlinking: /workspace/ws_pointlio/install/point_lio/share/point_lio/config/ouster64.yaml
[23.500s] -- Symlinking: /workspace/ws_pointlio/install/point_lio/share/point_lio/config/unilidar_l1.yaml
[23.505s] -- Symlinking: /workspace/ws_pointlio/install/point_lio/share/point_lio/config/unilidar_l2.yaml
[23.510s] -- Symlinking: /workspace/ws_pointlio/install/point_lio/share/point_lio/config/velody16.yaml
[23.514s] -- Symlinking: /workspace/ws_pointlio/install/point_lio/share/point_lio/launch/correct_odom_unilidar_l1.launch.py
[23.519s] -- Symlinking: /workspace/ws_pointlio/install/point_lio/share/point_lio/launch/correct_odom_unilidar_l2.launch.py
[23.523s] -- Symlinking: /workspace/ws_pointlio/install/point_lio/share/point_lio/launch/gdb_debug_example.launch.py
[23.527s] -- Symlinking: /workspace/ws_pointlio/install/point_lio/share/point_lio/launch/mapping_avia.launch.py
[23.531s] -- Symlinking: /workspace/ws_pointlio/install/point_lio/share/point_lio/launch/mapping_horizon.launch.py
[23.535s] -- Symlinking: /workspace/ws_pointlio/install/point_lio/share/point_lio/launch/mapping_mid360.launch.py
[23.540s] -- Symlinking: /workspace/ws_pointlio/install/point_lio/share/point_lio/launch/mapping_ouster64.launch.py
[23.544s] -- Symlinking: /workspace/ws_pointlio/install/point_lio/share/point_lio/launch/mapping_unilidar_l1.launch.py
[23.549s] -- Symlinking: /workspace/ws_pointlio/install/point_lio/share/point_lio/launch/mapping_unilidar_l2.launch.py
[23.553s] -- Symlinking: /workspace/ws_pointlio/install/point_lio/share/point_lio/launch/mapping_velody16.launch.py
[23.558s] -- Symlinking: /workspace/ws_pointlio/install/point_lio/share/point_lio/rviz_cfg/loam_livox.rviz
[23.563s] -- Symlinking: /workspace/ws_pointlio/install/point_lio/share/ament_index/resource_index/package_run_dependencies/point_lio
[23.568s] -- Symlinking: /workspace/ws_pointlio/install/point_lio/share/ament_index/resource_index/parent_prefix_path/point_lio
[23.573s] -- Symlinking: /workspace/ws_pointlio/install/point_lio/share/point_lio/environment/ament_prefix_path.sh
[23.577s] -- Symlinking: /workspace/ws_pointlio/install/point_lio/share/point_lio/environment/ament_prefix_path.dsv
[23.581s] -- Symlinking: /workspace/ws_pointlio/install/point_lio/share/point_lio/environment/path.sh
[23.585s] -- Symlinking: /workspace/ws_pointlio/install/point_lio/share/point_lio/environment/path.dsv
[23.590s] -- Symlinking: /workspace/ws_pointlio/install/point_lio/share/point_lio/local_setup.bash
[23.594s] -- Symlinking: /workspace/ws_pointlio/install/point_lio/share/point_lio/local_setup.sh
[23.598s] -- Symlinking: /workspace/ws_pointlio/install/point_lio/share/point_lio/local_setup.zsh
[23.603s] -- Symlinking: /workspace/ws_pointlio/install/point_lio/share/point_lio/local_setup.dsv
[23.607s] -- Symlinking: /workspace/ws_pointlio/install/point_lio/share/point_lio/package.dsv
[23.612s] -- Symlinking: /workspace/ws_pointlio/install/point_lio/share/ament_index/resource_index/packages/point_lio
[23.617s] -- Symlinking: /workspace/ws_pointlio/install/point_lio/share/point_lio/cmake/ament_cmake_export_dependencies-extras.cmake
[23.620s] -- Symlinking: /workspace/ws_pointlio/install/point_lio/share/point_lio/cmake/point_lioConfig.cmake
[23.624s] -- Symlinking: /workspace/ws_pointlio/install/point_lio/share/point_lio/cmake/point_lioConfig-version.cmake
[23.628s] -- Symlinking: /workspace/ws_pointlio/install/point_lio/share/point_lio/package.xml
[23.634s] Invoked command in '/workspace/ws_pointlio/build/point_lio' returned '0': CMAKE_PREFIX_PATH=${CMAKE_PREFIX_PATH}:/opt/ros/humble /usr/bin/cmake --install /workspace/ws_pointlio/build/point_lio
